<?xml version="1.0" encoding="UTF-8"?>
<testsuite xmlns:xsi="http://www.w3.org/2001/XMLSchema-instance" xsi:noNamespaceSchemaLocation="https://maven.apache.org/surefire/maven-surefire-plugin/xsd/surefire-test-report.xsd" name="TestSuite" time="1.408" tests="1" errors="0" skipped="0" failures="1">
  <properties>
[...]
</properties>
  <testcase name="f" classname="pkg_1.NewTest" time="0.119">
    <failure message="The driver executable does not exist: C:\Users\BLTuser.BLT0202\eclipse-workspace\CTS_MAVEN_1\chromedriver_v79.exe" type="java.lang.IllegalStateException">java.lang.IllegalStateException: The driver executable does not exist: C:\Users\BLTuser.BLT0202\eclipse-workspace\CTS_MAVEN_1\chromedriver_v79.exe
	at pkg_1.NewTest.f(NewTest.java:11)
</failure>
  </testcase>
</testsuite>