<?xml version="1.0" encoding="UTF-8"?>
<testng-results skipped="0" failed="1" ignored="0" total="1" passed="0">
  <reporter-output>
  </reporter-output>
  <suite name="Default suite" duration-ms="13371" started-at="2020-03-04T02:49:29 IST" finished-at="2020-03-04T02:49:42 IST">
    <groups>
    </groups>
    <test name="Default test" duration-ms="13371" started-at="2020-03-04T02:49:29 IST" finished-at="2020-03-04T02:49:42 IST">
      <class name="testng.chrometest">
        <test-method status="PASS" signature="launchBrowser()[pri:0, instance:testng.chrometest@61f8bee4]" name="launchBrowser" is-config="true" duration-ms="10921" started-at="2020-03-04T02:49:29 IST" finished-at="2020-03-04T02:49:40 IST">
          <reporter-output>
          </reporter-output>
        </test-method> <!-- launchBrowser -->
        <test-method status="FAIL" signature="testlogin()[pri:0, instance:testng.chrometest@61f8bee4]" name="testlogin" duration-ms="0" started-at="2020-03-04T02:49:40 IST" data-provider="login" finished-at="2020-03-04T02:49:40 IST">
          <exception class="org.testng.TestNGException">
            <message>
              <![CDATA[
Method public void testng.chrometest.testlogin() requires a @DataProvider named : login]]>
            </message>
            <full-stacktrace>
              <![CDATA[org.testng.TestNGException: 
Method public void testng.chrometest.testlogin() requires a @DataProvider named : login
at org.testng.internal.Parameters.findDataProvider(Parameters.java:580)
at org.testng.internal.Parameters.handleParameters(Parameters.java:795)
at org.testng.internal.Parameters.handleParameters(Parameters.java:762)
at org.testng.internal.ParameterHandler.handleParameters(ParameterHandler.java:60)
at org.testng.internal.ParameterHandler.createParameters(ParameterHandler.java:39)
at org.testng.internal.TestInvoker$MethodInvocationAgent.invoke(TestInvoker.java:771)
at org.testng.internal.TestInvoker.invokeTestMethods(TestInvoker.java:145)
at org.testng.internal.TestMethodWorker.invokeTestMethods(TestMethodWorker.java:146)
at org.testng.internal.TestMethodWorker.run(TestMethodWorker.java:128)
at java.util.ArrayList.forEach(ArrayList.java:1257)
at org.testng.TestRunner.privateRun(TestRunner.java:770)
at org.testng.TestRunner.run(TestRunner.java:591)
at org.testng.SuiteRunner.runTest(SuiteRunner.java:402)
at org.testng.SuiteRunner.runSequentially(SuiteRunner.java:396)
at org.testng.SuiteRunner.privateRun(SuiteRunner.java:355)
at org.testng.SuiteRunner.run(SuiteRunner.java:304)
at org.testng.SuiteRunnerWorker.runSuite(SuiteRunnerWorker.java:53)
at org.testng.SuiteRunnerWorker.run(SuiteRunnerWorker.java:96)
at org.testng.TestNG.runSuitesSequentially(TestNG.java:1180)
at org.testng.TestNG.runSuitesLocally(TestNG.java:1102)
at org.testng.TestNG.runSuites(TestNG.java:1032)
at org.testng.TestNG.run(TestNG.java:1000)
at org.testng.remote.AbstractRemoteTestNG.run(AbstractRemoteTestNG.java:115)
at org.testng.remote.RemoteTestNG.initAndRun(RemoteTestNG.java:251)
at org.testng.remote.RemoteTestNG.main(RemoteTestNG.java:77)
]]>
            </full-stacktrace>
          </exception> <!-- org.testng.TestNGException -->
          <reporter-output>
          </reporter-output>
        </test-method> <!-- testlogin -->
        <test-method status="PASS" signature="close()[pri:0, instance:testng.chrometest@61f8bee4]" name="close" is-config="true" duration-ms="2373" started-at="2020-03-04T02:49:40 IST" finished-at="2020-03-04T02:49:42 IST">
          <reporter-output>
          </reporter-output>
        </test-method> <!-- close -->
      </class> <!-- testng.chrometest -->
    </test> <!-- Default test -->
  </suite> <!-- Default suite -->
</testng-results>
